<?xml version="1.0" encoding="UTF-8"?>
<testng-results ignored="6" total="10" passed="2" failed="2" skipped="0">
  <reporter-output>
  </reporter-output>
  <suite started-at="2023-08-21T00:10:52Z" name="Regression Test" finished-at="2023-08-21T00:11:44Z" duration-ms="52302">
    <groups>
    </groups>
    <test started-at="2023-08-21T00:10:52Z" name="Test" finished-at="2023-08-21T00:11:44Z" duration-ms="52302">
      <class name="com.bymatAutomation.modulename.testcases.VerifyHomePageOfBymatAutomation">
        <test-method is-config="true" signature="setup()[pri:0, instance:com.bymatAutomation.modulename.testcases.VerifyHomePageOfBymatAutomation@7c37508a]" started-at="2023-08-21T00:10:51Z" name="setup" finished-at="2023-08-21T00:10:52Z" duration-ms="623" status="PASS">
          <reporter-output>
          </reporter-output>
        </test-method> <!-- setup -->
        <test-method is-config="true" signature="isSkip()[pri:0, instance:com.bymatAutomation.modulename.testcases.VerifyHomePageOfBymatAutomation@7c37508a]" started-at="2023-08-21T00:10:52Z" name="isSkip" finished-at="2023-08-21T00:10:52Z" duration-ms="0" status="PASS">
          <reporter-output>
          </reporter-output>
        </test-method> <!-- isSkip -->
        <test-method signature="verifyHomePageOfBYMATAutomation(java.util.Hashtable)[pri:0, instance:com.bymatAutomation.modulename.testcases.VerifyHomePageOfBymatAutomation@7c37508a]" started-at="2023-08-21T00:10:52Z" name="verifyHomePageOfBYMATAutomation" data-provider="data_Collection" finished-at="2023-08-21T00:10:57Z" duration-ms="4443" status="PASS">
          <params>
            <param index="0">
              <value>
                <![CDATA[{Phone_No=353535353, Page_Title=My Store, Email_ID=pallav@gmail.com, Password=passd1235, Message=Message_Pallav, Sr.No=1, First_Name=Pallav}]]>
              </value>
            </param>
          </params>
          <reporter-output>
          </reporter-output>
        </test-method> <!-- verifyHomePageOfBYMATAutomation -->
        <test-method is-config="true" signature="endTest()[pri:0, instance:com.bymatAutomation.modulename.testcases.VerifyHomePageOfBymatAutomation@7c37508a]" started-at="2023-08-21T00:11:45Z" name="endTest" finished-at="2023-08-21T00:11:45Z" duration-ms="498" status="PASS">
          <reporter-output>
          </reporter-output>
        </test-method> <!-- endTest -->
      </class> <!-- com.bymatAutomation.modulename.testcases.VerifyHomePageOfBymatAutomation -->
      <class name="com.bymatAutomation.modulename.testcases.RegisterUserForTheSeleniumTraining">
        <test-method is-config="true" signature="isSkip()[pri:0, instance:com.bymatAutomation.modulename.testcases.RegisterUserForTheSeleniumTraining@1033576a]" started-at="2023-08-21T00:11:06Z" name="isSkip" finished-at="2023-08-21T00:11:06Z" duration-ms="0" status="PASS">
          <reporter-output>
          </reporter-output>
        </test-method> <!-- isSkip -->
        <test-method signature="registerUserForTheSeleniumTraining(java.util.Hashtable)[pri:0, instance:com.bymatAutomation.modulename.testcases.RegisterUserForTheSeleniumTraining@1033576a]" started-at="2023-08-21T00:11:06Z" name="registerUserForTheSeleniumTraining" data-provider="data_Collection" finished-at="2023-08-21T00:11:22Z" duration-ms="16719" status="FAIL">
          <params>
            <param index="0">
              <value>
                <![CDATA[{Phone_No=353535353, Page_Title=My Store, Email_ID=pallav@gmail.com, Password=passd1235, Message=Message_Pallav, Sr.No=1, First_Name=Pallav}]]>
              </value>
            </param>
          </params>
          <exception class="org.openqa.selenium.NoSuchElementException">
            <message>
              <![CDATA[no such element: Unable to locate element: {"method":"xpath","selector":"//*[@id="wpforms-1830-field_2223323"]"}
  (Session info: chrome=115.0.5790.173)
For documentation on this error, please visit: https://www.seleniumhq.org/exceptions/no_such_element.html
Build info: version: '3.141.59', revision: 'e82be7d358', time: '2018-11-14T08:17:03'
System info: host: 'OVIYA', ip: '192.168.124.34', os.name: 'Windows 11', os.arch: 'amd64', os.version: '10.0', java.version: '17.0.8'
Driver info: org.openqa.selenium.chrome.ChromeDriver
Capabilities {acceptInsecureCerts: false, browserName: chrome, browserVersion: 115.0.5790.173, chrome: {chromedriverVersion: 114.0.5735.90 (386bc09e8f4f..., userDataDir: C:\Users\Ganesh\AppData\Loc...}, goog:chromeOptions: {debuggerAddress: localhost:52763}, javascriptEnabled: true, networkConnectionEnabled: false, pageLoadStrategy: normal, platform: WINDOWS, platformName: WINDOWS, proxy: Proxy(), setWindowRect: true, strictFileInteractability: false, timeouts: {implicit: 0, pageLoad: 300000, script: 30000}, unhandledPromptBehavior: dismiss and notify, webauthn:extension:credBlob: true, webauthn:extension:largeBlob: true, webauthn:extension:minPinLength: true, webauthn:extension:prf: true, webauthn:virtualAuthenticators: true}
Session ID: 9c5d1011c96c0822dea3a89b4586d16d
*** Element info: {Using=xpath, value=//*[@id="wpforms-1830-field_2223323"]}]]>
            </message>
            <full-stacktrace>
              <![CDATA[org.openqa.selenium.NoSuchElementException: no such element: Unable to locate element: {"method":"xpath","selector":"//*[@id="wpforms-1830-field_2223323"]"}
  (Session info: chrome=115.0.5790.173)
For documentation on this error, please visit: https://www.seleniumhq.org/exceptions/no_such_element.html
Build info: version: '3.141.59', revision: 'e82be7d358', time: '2018-11-14T08:17:03'
System info: host: 'OVIYA', ip: '192.168.124.34', os.name: 'Windows 11', os.arch: 'amd64', os.version: '10.0', java.version: '17.0.8'
Driver info: org.openqa.selenium.chrome.ChromeDriver
Capabilities {acceptInsecureCerts: false, browserName: chrome, browserVersion: 115.0.5790.173, chrome: {chromedriverVersion: 114.0.5735.90 (386bc09e8f4f..., userDataDir: C:\Users\Ganesh\AppData\Loc...}, goog:chromeOptions: {debuggerAddress: localhost:52763}, javascriptEnabled: true, networkConnectionEnabled: false, pageLoadStrategy: normal, platform: WINDOWS, platformName: WINDOWS, proxy: Proxy(), setWindowRect: true, strictFileInteractability: false, timeouts: {implicit: 0, pageLoad: 300000, script: 30000}, unhandledPromptBehavior: dismiss and notify, webauthn:extension:credBlob: true, webauthn:extension:largeBlob: true, webauthn:extension:minPinLength: true, webauthn:extension:prf: true, webauthn:virtualAuthenticators: true}
Session ID: 9c5d1011c96c0822dea3a89b4586d16d
*** Element info: {Using=xpath, value=//*[@id="wpforms-1830-field_2223323"]}
at java.base/jdk.internal.reflect.NativeConstructorAccessorImpl.newInstance0(Native Method)
at java.base/jdk.internal.reflect.NativeConstructorAccessorImpl.newInstance(NativeConstructorAccessorImpl.java:77)
at java.base/jdk.internal.reflect.DelegatingConstructorAccessorImpl.newInstance(DelegatingConstructorAccessorImpl.java:45)
at java.base/java.lang.reflect.Constructor.newInstanceWithCaller(Constructor.java:499)
at java.base/java.lang.reflect.Constructor.newInstance(Constructor.java:480)
at org.openqa.selenium.remote.http.W3CHttpResponseCodec.createException(W3CHttpResponseCodec.java:187)
at org.openqa.selenium.remote.http.W3CHttpResponseCodec.decode(W3CHttpResponseCodec.java:122)
at org.openqa.selenium.remote.http.W3CHttpResponseCodec.decode(W3CHttpResponseCodec.java:49)
at org.openqa.selenium.remote.HttpCommandExecutor.execute(HttpCommandExecutor.java:158)
at org.openqa.selenium.remote.service.DriverCommandExecutor.execute(DriverCommandExecutor.java:83)
at org.openqa.selenium.remote.RemoteWebDriver.execute(RemoteWebDriver.java:552)
at org.openqa.selenium.remote.RemoteWebDriver.findElement(RemoteWebDriver.java:323)
at org.openqa.selenium.remote.RemoteWebDriver.findElementByXPath(RemoteWebDriver.java:428)
at org.openqa.selenium.By$ByXPath.findElement(By.java:353)
at org.openqa.selenium.remote.RemoteWebDriver.findElement(RemoteWebDriver.java:315)
at org.openqa.selenium.support.pagefactory.DefaultElementLocator.findElement(DefaultElementLocator.java:69)
at org.openqa.selenium.support.pagefactory.internal.LocatingElementHandler.invoke(LocatingElementHandler.java:38)
at jdk.proxy2/jdk.proxy2.$Proxy15.isDisplayed(Unknown Source)
at com.bymatAutomation.modulename.commonmethods.CommonMethods.enterDataToInputBox(CommonMethods.java:25)
at com.bymatAutomation.modulename.pages.InquireRegisterPage.enterUserDetails(InquireRegisterPage.java:93)
at com.bymatAutomation.modulename.testcases.RegisterUserForTheSeleniumTraining.registerUserForTheSeleniumTraining(RegisterUserForTheSeleniumTraining.java:27)
at java.base/jdk.internal.reflect.NativeMethodAccessorImpl.invoke0(Native Method)
at java.base/jdk.internal.reflect.NativeMethodAccessorImpl.invoke(NativeMethodAccessorImpl.java:77)
at java.base/jdk.internal.reflect.DelegatingMethodAccessorImpl.invoke(DelegatingMethodAccessorImpl.java:43)
at java.base/java.lang.reflect.Method.invoke(Method.java:568)
at org.testng.internal.MethodInvocationHelper.invokeMethod(MethodInvocationHelper.java:124)
at org.testng.internal.Invoker.invokeMethod(Invoker.java:583)
at org.testng.internal.Invoker.invokeTestMethod(Invoker.java:719)
at org.testng.internal.Invoker.invokeTestMethods(Invoker.java:989)
at org.testng.internal.TestMethodWorker.invokeTestMethods(TestMethodWorker.java:125)
at org.testng.internal.TestMethodWorker.run(TestMethodWorker.java:109)
at org.testng.TestRunner.privateRun(TestRunner.java:648)
at org.testng.TestRunner.run(TestRunner.java:505)
at org.testng.SuiteRunner.runTest(SuiteRunner.java:455)
at org.testng.SuiteRunner.runSequentially(SuiteRunner.java:450)
at org.testng.SuiteRunner.privateRun(SuiteRunner.java:415)
at org.testng.SuiteRunner.run(SuiteRunner.java:364)
at org.testng.SuiteRunnerWorker.runSuite(SuiteRunnerWorker.java:52)
at org.testng.SuiteRunnerWorker.run(SuiteRunnerWorker.java:84)
at org.testng.TestNG.runSuitesSequentially(TestNG.java:1208)
at org.testng.TestNG.runSuitesLocally(TestNG.java:1137)
at org.testng.TestNG.runSuites(TestNG.java:1049)
at org.testng.TestNG.run(TestNG.java:1017)
at org.testng.remote.AbstractRemoteTestNG.run(AbstractRemoteTestNG.java:115)
at org.testng.remote.RemoteTestNG.initAndRun(RemoteTestNG.java:251)
at org.testng.remote.RemoteTestNG.main(RemoteTestNG.java:77)
]]>
            </full-stacktrace>
          </exception> <!-- org.openqa.selenium.NoSuchElementException -->
          <reporter-output>
          </reporter-output>
        </test-method> <!-- registerUserForTheSeleniumTraining -->
      </class> <!-- com.bymatAutomation.modulename.testcases.RegisterUserForTheSeleniumTraining -->
      <class name="com.bymatAutomation.modulename.testcases.RegisterUserForTheSeleniumTraining2">
        <test-method is-config="true" signature="isSkip()[pri:0, instance:com.bymatAutomation.modulename.testcases.RegisterUserForTheSeleniumTraining2@303cf2ba]" started-at="2023-08-21T00:11:25Z" name="isSkip" finished-at="2023-08-21T00:11:25Z" duration-ms="1" status="PASS">
          <reporter-output>
          </reporter-output>
        </test-method> <!-- isSkip -->
        <test-method signature="registerUserForTheSeleniumTraining2(java.util.Hashtable)[pri:0, instance:com.bymatAutomation.modulename.testcases.RegisterUserForTheSeleniumTraining2@303cf2ba]" started-at="2023-08-21T00:11:25Z" name="registerUserForTheSeleniumTraining2" data-provider="data_Collection" finished-at="2023-08-21T00:11:41Z" duration-ms="16315" status="FAIL">
          <params>
            <param index="0">
              <value>
                <![CDATA[{Phone_No=353535353, Page_Title=My Store, Email_ID=pallav@gmail.com, Password=passd1235, Message=Message_Pallav, Sr.No=1, First_Name=Pallav}]]>
              </value>
            </param>
          </params>
          <exception class="org.openqa.selenium.NoSuchElementException">
            <message>
              <![CDATA[no such element: Unable to locate element: {"method":"xpath","selector":"//*[@id="wpforms-1830-field_2223323"]"}
  (Session info: chrome=115.0.5790.173)
For documentation on this error, please visit: https://www.seleniumhq.org/exceptions/no_such_element.html
Build info: version: '3.141.59', revision: 'e82be7d358', time: '2018-11-14T08:17:03'
System info: host: 'OVIYA', ip: '192.168.124.34', os.name: 'Windows 11', os.arch: 'amd64', os.version: '10.0', java.version: '17.0.8'
Driver info: org.openqa.selenium.chrome.ChromeDriver
Capabilities {acceptInsecureCerts: false, browserName: chrome, browserVersion: 115.0.5790.173, chrome: {chromedriverVersion: 114.0.5735.90 (386bc09e8f4f..., userDataDir: C:\Users\Ganesh\AppData\Loc...}, goog:chromeOptions: {debuggerAddress: localhost:52784}, javascriptEnabled: true, networkConnectionEnabled: false, pageLoadStrategy: normal, platform: WINDOWS, platformName: WINDOWS, proxy: Proxy(), setWindowRect: true, strictFileInteractability: false, timeouts: {implicit: 0, pageLoad: 300000, script: 30000}, unhandledPromptBehavior: dismiss and notify, webauthn:extension:credBlob: true, webauthn:extension:largeBlob: true, webauthn:extension:minPinLength: true, webauthn:extension:prf: true, webauthn:virtualAuthenticators: true}
Session ID: 372f89eed735795b0eb6f4d55abc037e
*** Element info: {Using=xpath, value=//*[@id="wpforms-1830-field_2223323"]}]]>
            </message>
            <full-stacktrace>
              <![CDATA[org.openqa.selenium.NoSuchElementException: no such element: Unable to locate element: {"method":"xpath","selector":"//*[@id="wpforms-1830-field_2223323"]"}
  (Session info: chrome=115.0.5790.173)
For documentation on this error, please visit: https://www.seleniumhq.org/exceptions/no_such_element.html
Build info: version: '3.141.59', revision: 'e82be7d358', time: '2018-11-14T08:17:03'
System info: host: 'OVIYA', ip: '192.168.124.34', os.name: 'Windows 11', os.arch: 'amd64', os.version: '10.0', java.version: '17.0.8'
Driver info: org.openqa.selenium.chrome.ChromeDriver
Capabilities {acceptInsecureCerts: false, browserName: chrome, browserVersion: 115.0.5790.173, chrome: {chromedriverVersion: 114.0.5735.90 (386bc09e8f4f..., userDataDir: C:\Users\Ganesh\AppData\Loc...}, goog:chromeOptions: {debuggerAddress: localhost:52784}, javascriptEnabled: true, networkConnectionEnabled: false, pageLoadStrategy: normal, platform: WINDOWS, platformName: WINDOWS, proxy: Proxy(), setWindowRect: true, strictFileInteractability: false, timeouts: {implicit: 0, pageLoad: 300000, script: 30000}, unhandledPromptBehavior: dismiss and notify, webauthn:extension:credBlob: true, webauthn:extension:largeBlob: true, webauthn:extension:minPinLength: true, webauthn:extension:prf: true, webauthn:virtualAuthenticators: true}
Session ID: 372f89eed735795b0eb6f4d55abc037e
*** Element info: {Using=xpath, value=//*[@id="wpforms-1830-field_2223323"]}
at java.base/jdk.internal.reflect.NativeConstructorAccessorImpl.newInstance0(Native Method)
at java.base/jdk.internal.reflect.NativeConstructorAccessorImpl.newInstance(NativeConstructorAccessorImpl.java:77)
at java.base/jdk.internal.reflect.DelegatingConstructorAccessorImpl.newInstance(DelegatingConstructorAccessorImpl.java:45)
at java.base/java.lang.reflect.Constructor.newInstanceWithCaller(Constructor.java:499)
at java.base/java.lang.reflect.Constructor.newInstance(Constructor.java:480)
at org.openqa.selenium.remote.http.W3CHttpResponseCodec.createException(W3CHttpResponseCodec.java:187)
at org.openqa.selenium.remote.http.W3CHttpResponseCodec.decode(W3CHttpResponseCodec.java:122)
at org.openqa.selenium.remote.http.W3CHttpResponseCodec.decode(W3CHttpResponseCodec.java:49)
at org.openqa.selenium.remote.HttpCommandExecutor.execute(HttpCommandExecutor.java:158)
at org.openqa.selenium.remote.service.DriverCommandExecutor.execute(DriverCommandExecutor.java:83)
at org.openqa.selenium.remote.RemoteWebDriver.execute(RemoteWebDriver.java:552)
at org.openqa.selenium.remote.RemoteWebDriver.findElement(RemoteWebDriver.java:323)
at org.openqa.selenium.remote.RemoteWebDriver.findElementByXPath(RemoteWebDriver.java:428)
at org.openqa.selenium.By$ByXPath.findElement(By.java:353)
at org.openqa.selenium.remote.RemoteWebDriver.findElement(RemoteWebDriver.java:315)
at org.openqa.selenium.support.pagefactory.DefaultElementLocator.findElement(DefaultElementLocator.java:69)
at org.openqa.selenium.support.pagefactory.internal.LocatingElementHandler.invoke(LocatingElementHandler.java:38)
at jdk.proxy2/jdk.proxy2.$Proxy15.isDisplayed(Unknown Source)
at com.bymatAutomation.modulename.commonmethods.CommonMethods.enterDataToInputBox(CommonMethods.java:25)
at com.bymatAutomation.modulename.pages.InquireRegisterPage.enterUserDetails(InquireRegisterPage.java:93)
at com.bymatAutomation.modulename.testcases.RegisterUserForTheSeleniumTraining2.registerUserForTheSeleniumTraining2(RegisterUserForTheSeleniumTraining2.java:27)
at java.base/jdk.internal.reflect.NativeMethodAccessorImpl.invoke0(Native Method)
at java.base/jdk.internal.reflect.NativeMethodAccessorImpl.invoke(NativeMethodAccessorImpl.java:77)
at java.base/jdk.internal.reflect.DelegatingMethodAccessorImpl.invoke(DelegatingMethodAccessorImpl.java:43)
at java.base/java.lang.reflect.Method.invoke(Method.java:568)
at org.testng.internal.MethodInvocationHelper.invokeMethod(MethodInvocationHelper.java:124)
at org.testng.internal.Invoker.invokeMethod(Invoker.java:583)
at org.testng.internal.Invoker.invokeTestMethod(Invoker.java:719)
at org.testng.internal.Invoker.invokeTestMethods(Invoker.java:989)
at org.testng.internal.TestMethodWorker.invokeTestMethods(TestMethodWorker.java:125)
at org.testng.internal.TestMethodWorker.run(TestMethodWorker.java:109)
at org.testng.TestRunner.privateRun(TestRunner.java:648)
at org.testng.TestRunner.run(TestRunner.java:505)
at org.testng.SuiteRunner.runTest(SuiteRunner.java:455)
at org.testng.SuiteRunner.runSequentially(SuiteRunner.java:450)
at org.testng.SuiteRunner.privateRun(SuiteRunner.java:415)
at org.testng.SuiteRunner.run(SuiteRunner.java:364)
at org.testng.SuiteRunnerWorker.runSuite(SuiteRunnerWorker.java:52)
at org.testng.SuiteRunnerWorker.run(SuiteRunnerWorker.java:84)
at org.testng.TestNG.runSuitesSequentially(TestNG.java:1208)
at org.testng.TestNG.runSuitesLocally(TestNG.java:1137)
at org.testng.TestNG.runSuites(TestNG.java:1049)
at org.testng.TestNG.run(TestNG.java:1017)
at org.testng.remote.AbstractRemoteTestNG.run(AbstractRemoteTestNG.java:115)
at org.testng.remote.RemoteTestNG.initAndRun(RemoteTestNG.java:251)
at org.testng.remote.RemoteTestNG.main(RemoteTestNG.java:77)
]]>
            </full-stacktrace>
          </exception> <!-- org.openqa.selenium.NoSuchElementException -->
          <reporter-output>
          </reporter-output>
        </test-method> <!-- registerUserForTheSeleniumTraining2 -->
      </class> <!-- com.bymatAutomation.modulename.testcases.RegisterUserForTheSeleniumTraining2 -->
      <class name="com.bymatAutomation.modulename.testcases.VerifyHomePageOfBymatAutomation1">
        <test-method is-config="true" signature="isSkip()[pri:0, instance:com.bymatAutomation.modulename.testcases.VerifyHomePageOfBymatAutomation1@247310d0]" started-at="2023-08-21T00:10:59Z" name="isSkip" finished-at="2023-08-21T00:10:59Z" duration-ms="0" status="PASS">
          <reporter-output>
          </reporter-output>
        </test-method> <!-- isSkip -->
        <test-method signature="verifyHomePageOfBYMATAutomation1(java.util.Hashtable)[pri:0, instance:com.bymatAutomation.modulename.testcases.VerifyHomePageOfBymatAutomation1@247310d0]" started-at="2023-08-21T00:10:59Z" name="verifyHomePageOfBYMATAutomation1" data-provider="data_Collection" finished-at="2023-08-21T00:11:03Z" duration-ms="4285" status="PASS">
          <params>
            <param index="0">
              <value>
                <![CDATA[{Phone_No=353535353, Page_Title=My Store, Email_ID=pallav@gmail.com, Password=passd1235, Message=Message_Pallav, Sr.No=1, First_Name=Pallav}]]>
              </value>
            </param>
          </params>
          <reporter-output>
          </reporter-output>
        </test-method> <!-- verifyHomePageOfBYMATAutomation1 -->
      </class> <!-- com.bymatAutomation.modulename.testcases.VerifyHomePageOfBymatAutomation1 -->
    </test> <!-- Test -->
  </suite> <!-- Regression Test -->
</testng-results>
